C:\USERS\YOZMO\DOWNLOADS\LAB2_EX1_V2\LAB2\DEBUG\CERC.OBJ
C:\USERS\YOZMO\DOWNLOADS\LAB2_EX1_V2\LAB2\DEBUG\ENEMY.OBJ
C:\USERS\YOZMO\DOWNLOADS\LAB2_EX1_V2\LAB2\DEBUG\ENEMY2PATRATE.OBJ
C:\USERS\YOZMO\DOWNLOADS\LAB2_EX1_V2\LAB2\DEBUG\ENEMY4TRIUNGHIURI.OBJ
C:\USERS\YOZMO\DOWNLOADS\LAB2_EX1_V2\LAB2\DEBUG\ENEMYPATRATFACE.OBJ
C:\USERS\YOZMO\DOWNLOADS\LAB2_EX1_V2\LAB2\DEBUG\ENEMYPATRATVERDE.OBJ
C:\USERS\YOZMO\DOWNLOADS\LAB2_EX1_V2\LAB2\DEBUG\DRAWINGWINDOW.OBJ
C:\USERS\YOZMO\DOWNLOADS\LAB2_EX1_V2\LAB2\DEBUG\TRANSFORM2D.OBJ
C:\USERS\YOZMO\DOWNLOADS\LAB2_EX1_V2\LAB2\DEBUG\VISUAL2D.OBJ
C:\USERS\YOZMO\DOWNLOADS\LAB2_EX1_V2\LAB2\DEBUG\LEVEL.OBJ
C:\USERS\YOZMO\DOWNLOADS\LAB2_EX1_V2\LAB2\DEBUG\MAIN.OBJ
C:\USERS\YOZMO\DOWNLOADS\LAB2_EX1_V2\LAB2\DEBUG\PLAYER.OBJ
C:\USERS\YOZMO\DOWNLOADS\LAB2_EX1_V2\LAB2\DEBUG\VC110.PDB
C:\USERS\YOZMO\DESKTOP\GEOMETRY WARS\LAB2\DEBUG\CERC.OBJ
C:\USERS\YOZMO\DESKTOP\GEOMETRY WARS\LAB2\DEBUG\ENEMY.OBJ
C:\USERS\YOZMO\DESKTOP\GEOMETRY WARS\LAB2\DEBUG\ENEMY2PATRATE.OBJ
C:\USERS\YOZMO\DESKTOP\GEOMETRY WARS\LAB2\DEBUG\ENEMY4TRIUNGHIURI.OBJ
C:\USERS\YOZMO\DESKTOP\GEOMETRY WARS\LAB2\DEBUG\ENEMYPATRATFACE.OBJ
C:\USERS\YOZMO\DESKTOP\GEOMETRY WARS\LAB2\DEBUG\ENEMYPATRATVERDE.OBJ
C:\USERS\YOZMO\DESKTOP\GEOMETRY WARS\LAB2\DEBUG\DRAWINGWINDOW.OBJ
C:\USERS\YOZMO\DESKTOP\GEOMETRY WARS\LAB2\DEBUG\TRANSFORM2D.OBJ
C:\USERS\YOZMO\DESKTOP\GEOMETRY WARS\LAB2\DEBUG\VISUAL2D.OBJ
C:\USERS\YOZMO\DESKTOP\GEOMETRY WARS\LAB2\DEBUG\LEVEL.OBJ
C:\USERS\YOZMO\DESKTOP\GEOMETRY WARS\LAB2\DEBUG\MAIN.OBJ
C:\USERS\YOZMO\DESKTOP\GEOMETRY WARS\LAB2\DEBUG\PLAYER.OBJ
C:\USERS\YOZMO\DESKTOP\GEOMETRY WARS\LAB2\DEBUG\VC110.PDB
C:\USERS\YOZMO\DOWNLOADS\LAB2_EX1_V2\DEBUG\LAB2.ILK
C:\USERS\YOZMO\DOWNLOADS\LAB2_EX1_V2\DEBUG\LAB2.EXE
C:\USERS\YOZMO\DOWNLOADS\LAB2_EX1_V2\DEBUG\LAB2.PDB
C:\USERS\YOZMO\DESKTOP\GEOMETRY WARS\DEBUG\LAB2.ILK
C:\USERS\YOZMO\DESKTOP\GEOMETRY WARS\DEBUG\LAB2.EXE
C:\USERS\YOZMO\DESKTOP\GEOMETRY WARS\DEBUG\LAB2.PDB
C:\Users\yozmo\Desktop\Geometry Wars\lab2\Debug\Cerc.obj
C:\Users\yozmo\Desktop\Geometry Wars\lab2\Debug\DrawingWindow.obj
C:\Users\yozmo\Desktop\Geometry Wars\lab2\Debug\Enemy.obj
C:\Users\yozmo\Desktop\Geometry Wars\lab2\Debug\Enemy2Patrate.obj
C:\Users\yozmo\Desktop\Geometry Wars\lab2\Debug\Enemy4Triunghiuri.obj
C:\Users\yozmo\Desktop\Geometry Wars\lab2\Debug\EnemyPatratFace.obj
C:\Users\yozmo\Desktop\Geometry Wars\lab2\Debug\EnemyPatratVerde.obj
C:\Users\yozmo\Desktop\Geometry Wars\lab2\Debug\Level.obj
C:\Users\yozmo\Desktop\Geometry Wars\lab2\Debug\main.obj
C:\Users\yozmo\Desktop\Geometry Wars\lab2\Debug\Player.obj
C:\Users\yozmo\Desktop\Geometry Wars\lab2\Debug\Transform2D.obj
C:\Users\yozmo\Desktop\Geometry Wars\lab2\Debug\Visual2D.obj
C:\Users\yozmo\Desktop\Geometry Wars\lab2\Debug\cl.command.1.tlog
C:\Users\yozmo\Desktop\Geometry Wars\lab2\Debug\CL.read.1.tlog
C:\Users\yozmo\Desktop\Geometry Wars\lab2\Debug\CL.write.1.tlog
C:\Users\yozmo\Desktop\Geometry Wars\lab2\Debug\link-cvtres.read.1.tlog
C:\Users\yozmo\Desktop\Geometry Wars\lab2\Debug\link-cvtres.write.1.tlog
C:\Users\yozmo\Desktop\Geometry Wars\lab2\Debug\link-rc.read.1.tlog
C:\Users\yozmo\Desktop\Geometry Wars\lab2\Debug\link-rc.write.1.tlog
C:\Users\yozmo\Desktop\Geometry Wars\lab2\Debug\link.command.1.tlog
C:\Users\yozmo\Desktop\Geometry Wars\lab2\Debug\link.read.1.tlog
C:\Users\yozmo\Desktop\Geometry Wars\lab2\Debug\link.write.1.tlog
C:\Users\yozmo\Desktop\Geometry Wars\lab2\Debug\vc110.idb
C:\Users\yozmo\Desktop\Geometry Wars\lab2\Debug\vc110.pdb
C:\Users\yozmo\Desktop\Geometry Wars\Debug\lab2.pdb
C:\Users\yozmo\Desktop\Geometry Wars\Debug\lab2.exe
C:\Users\yozmo\Desktop\Geometry Wars\Debug\lab2.ilk
